e32:TCP connect to N/A:1666 failed.\nNo such host is known. \n
e32:TCP connect to N/A:1666 failed.\nNo such host is known. \n
e32:TCP connect to N/A:1666 failed.\nNo such host is known. \n
e32:TCP connect to N/A:1666 failed.\nNo such host is known. \n
e32:TCP connect to niger:1666 failed.\nNo such host is known. \n
e32:TCP connect to RandomServer:1666 failed.\nNo such host is known. \n
e32:TCP connect to RandomServer:1666 failed.\nNo such host is known. \n
Unhandled exception: Readfile from pipe failed. GLE=The pipe has been ended.

e32:TCP connect to RandomServer:1666 failed.\nNo such host is known. \n
e32:TCP connect to wide-shovel-5431:1666 failed.\nNo such host is known. \n
e32:TCP connect to Tuitoga:1666 failed.\nNo such host is known. \n
e32:TCP connect to 3447b818-a920-4afd-900c-fcd396807261:1666 failed.\nNo such host is known. \n
e32:TCP connect to 3447b818-a920-4afd-900c-fcd396807261:1666 failed.\nNo such host is known. \n
e32:TCP connect to DT Internal:1666 failed.\nNo such host is known. \n
e32:TCP connect to DT Internal:1666 failed.\nNo such host is known. \n
e32:TCP connect to DT Internal:1666 failed.\nNo such host is known. \n
e32:TCP connect to DT Internal:1666 failed.\nNo such host is known. \n
e32:TCP connect to DT Internal:1666 failed.\nNo such host is known. \n
e32:TCP connect to DT Internal:1666 failed.\nNo such host is known. \n
e32:TCP connect to DT Internal:1666 failed.\nNo such host is known. \n
Unhandled exception: Readfile from pipe failed. GLE=The pipe has been ended.

e32:TCP connect to DT Internal:1666 failed.\nNo such host is known. \n
e32:TCP connect to DT Internal:1666 failed.\nNo such host is known. \n
e32:TCP connect to DT Internal:1666 failed.\nNo such host is known. \n
e32:TCP connect to 4e05d1563663146d133568090edd26f2:1666 failed.\nNo such host is known. \n
e32:TCP connect to Unity:1666 failed.\nNo such host is known. \n
e32:TCP connect to Unity:1666 failed.\nNo such host is known. \n
e32:TCP connect to Unity:1666 failed.\nNo such host is known. \n
e32:TCP connect to perforce:1666 failed.\nNo such host is known. \n
e32:TCP connect to perforce:1666 failed.\nNo such host is known. \n
e32:TCP connect to perforce:1666 failed.\nNo such host is known. \n
